<?xml version="1.0" encoding="UTF-8"?>
<!-- Generated by org.testng.reporters.JUnitXMLReporter -->
<testsuite hostname="DESKTOP-RESTA8A" ignored="8" name="Command line test" tests="4" failures="2" timestamp="26 May 2019 13:22:13 GMT" time="26.237" errors="0">
  <testcase name="addCustomerTest" time="25.549" classname="com.XXX.TestCases.AddCustomerTest">
    <failure type="org.openqa.selenium.NoSuchElementException" message="Unable to locate element: {&amp;quot;method&amp;quot;:&amp;quot;xpath&amp;quot;,&amp;quot;selector&amp;quot;:&amp;quot;//button[@class=&amp;apos;btn btn-lg tab&amp;apos;][@ng-click=&amp;apos;addCust()&amp;apos;]&amp;quot;}
Command duration or timeout: 0 milliseconds">
      <![CDATA[org.openqa.selenium.NoSuchElementException: Unable to locate element: {"method":"xpath","selector":"//button[@class='btn btn-lg tab'][@ng-click='addCust()']"}
Command duration or timeout: 0 milliseconds
	at org.openqa.selenium.remote.ErrorHandler.createThrowable(ErrorHandler.java:214)
	at org.openqa.selenium.remote.ErrorHandler.throwIfResponseFailed(ErrorHandler.java:166)
	at org.openqa.selenium.remote.http.JsonHttpResponseCodec.reconstructValue(JsonHttpResponseCodec.java:40)
	at org.openqa.selenium.remote.http.AbstractHttpResponseCodec.decode(AbstractHttpResponseCodec.java:80)
	at org.openqa.selenium.remote.http.AbstractHttpResponseCodec.decode(AbstractHttpResponseCodec.java:44)
	at org.openqa.selenium.remote.HttpCommandExecutor.execute(HttpCommandExecutor.java:160)
	at org.openqa.selenium.remote.service.DriverCommandExecutor.execute(DriverCommandExecutor.java:83)
	at org.openqa.selenium.remote.RemoteWebDriver.execute(RemoteWebDriver.java:601)
	at org.openqa.selenium.remote.RemoteWebDriver.findElement(RemoteWebDriver.java:371)
	at org.openqa.selenium.remote.RemoteWebDriver.findElementByXPath(RemoteWebDriver.java:473)
	at org.openqa.selenium.By$ByXPath.findElement(By.java:361)
	at org.openqa.selenium.remote.RemoteWebDriver.findElement(RemoteWebDriver.java:363)
	at com.XXX.Base.TestBase.click(TestBase.java:123)
	at com.XXX.TestCases.AddCustomerTest.addCustomerTest(AddCustomerTest.java:27)
Caused by: org.openqa.selenium.NoSuchElementException: Unable to locate element: {"method":"xpath","selector":"//button[@class='btn btn-lg tab'][@ng-click='addCust()']"}
For documentation on this error, please visit: http://seleniumhq.org/exceptions/no_such_element.html
Build info: version: '3.9.1', revision: '63f7b50', time: '2018-02-07T22:25:02.294Z'
System info: host: 'DESKTOP-RESTA8A', ip: '192.168.0.2', os.name: 'Windows 10', os.arch: 'amd64', os.version: '10.0', java.version: '1.8.0_192'
Driver info: driver.version: unknown
	at <anonymous class>.FirefoxDriver.prototype.findElementInternal_(file:///C:/Users/SUSHMA~1/AppData/Local/Temp/anonymous2277385433988437966webdriver-profile/extensions/fxdriver@googlecode.com/components/driver-component.js:11884)
	at <anonymous class>.fxdriver.Timer.prototype.setTimeout/<.notify(file:///C:/Users/SUSHMA~1/AppData/Local/Temp/anonymous2277385433988437966webdriver-profile/extensions/fxdriver@googlecode.com/components/driver-component.js:918)
... Removed 39 stack frames]]>
    </failure>
  </testcase> <!-- addCustomerTest -->
  <testcase name="addCustomerTest" time="0.0" classname="com.XXX.TestCases.AddCustomerTest">
    <skipped/>
  </testcase> <!-- addCustomerTest -->
  <testcase name="bankManagerLoginTest" time="0.196" classname="com.XXX.TestCases.BankManagerLoginTest">
    <failure type="java.lang.NullPointerException">
      <![CDATA[java.lang.NullPointerException
	at com.XXX.Base.TestBase.verifyEquals(TestBase.java:194)
	at com.XXX.TestCases.BankManagerLoginTest.bankManagerLoginTest(BankManagerLoginTest.java:21)
... Removed 35 stack frames]]>
    </failure>
  </testcase> <!-- bankManagerLoginTest -->
  <testcase name="openAccountTest" time="0.002" classname="com.XXX.TestCases.OpenAccountTest">
    <skipped/>
  </testcase> <!-- openAccountTest -->
  <testcase name="@BeforeSuite setup" time="0.0" classname="com.XXX.Base.TestBase">
    <ignored/>
  </testcase> <!-- @BeforeSuite setup -->
  <testcase name="@BeforeSuite setup" time="0.0" classname="com.XXX.Base.TestBase">
    <ignored/>
  </testcase> <!-- @BeforeSuite setup -->
  <testcase name="@BeforeSuite setup" time="0.0" classname="com.XXX.Base.TestBase">
    <ignored/>
  </testcase> <!-- @BeforeSuite setup -->
  <testcase name="@BeforeSuite setup" time="0.0" classname="com.XXX.Base.TestBase">
    <ignored/>
  </testcase> <!-- @BeforeSuite setup -->
  <testcase name="@AfterSuite tearDown" time="0.0" classname="com.XXX.Base.TestBase">
    <ignored/>
  </testcase> <!-- @AfterSuite tearDown -->
  <testcase name="@AfterSuite tearDown" time="0.0" classname="com.XXX.Base.TestBase">
    <ignored/>
  </testcase> <!-- @AfterSuite tearDown -->
  <testcase name="@AfterSuite tearDown" time="0.0" classname="com.XXX.Base.TestBase">
    <ignored/>
  </testcase> <!-- @AfterSuite tearDown -->
  <testcase name="@AfterSuite tearDown" time="0.0" classname="com.XXX.Base.TestBase">
    <ignored/>
  </testcase> <!-- @AfterSuite tearDown -->
</testsuite> <!-- Command line test -->
