<!DOCTYPE html PUBLIC "-//W3C//DTD XHTML 1.1//EN" "http://www.w3.org/TR/xhtml11/DTD/xhtml11.dtd">
<html xmlns="http://www.w3.org/1999/xhtml"><head><title>TestNG Report</title><style type="text/css">table {margin-bottom:10px;border-collapse:collapse;empty-cells:show}th,td {border:1px solid #009;padding:.25em .5em}th {vertical-align:bottom}td {vertical-align:top}table a {font-weight:bold}.stripe td {background-color: #E6EBF9}.num {text-align:right}.passedodd td {background-color: #3F3}.passedeven td {background-color: #0A0}.skippedodd td {background-color: #DDD}.skippedeven td {background-color: #CCC}.failedodd td,.attn {background-color: #F33}.failedeven td,.stripe .attn {background-color: #D00}.stacktrace {white-space:pre;font-family:monospace}.totop {font-size:85%;text-align:center;border-bottom:2px solid #000}</style></head><body><table><tr><th>Test</th><th># Passed</th><th># Skipped</th><th># Failed</th><th>Time (ms)</th><th>Included Groups</th><th>Excluded Groups</th></tr><tr><th colspan="7">Data Driven Tests</th></tr><tr><td><a href="#t0">Bank Manager Login Test</a></td><td class="num">1</td><td class="num">0</td><td class="num">0</td><td class="num">10,016</td><td></td><td></td></tr><tr class="stripe"><td><a href="#t1">Add Customer Test</a></td><td class="num">1</td><td class="num attn">1</td><td class="num">0</td><td class="num">11,795</td><td></td><td></td></tr><tr><td><a href="#t2">Open Account Test</a></td><td class="num">0</td><td class="num attn">1</td><td class="num">0</td><td class="num">52</td><td></td><td></td></tr><tr><th>Total</th><th class="num">2</th><th class="num attn">2</th><th class="num">0</th><th class="num">21,863</th><th colspan="2"></th></tr></table><table><thead><tr><th>Class</th><th>Method</th><th>Start</th><th>Time (ms)</th></tr></thead><tbody><tr><th colspan="4">Data Driven Tests</th></tr></tbody><tbody id="t0"><tr><th colspan="4">Bank Manager Login Test &#8212; passed</th></tr><tr class="passedeven"><td rowspan="1">com.XXX.TestCases.BankManagerLoginTest</td><td><a href="#m0">bankManagerLoginTest</a></td><td rowspan="1">1558697560615</td><td rowspan="1">4169</td></tr></tbody><tbody id="t1"><tr><th colspan="4">Add Customer Test &#8212; skipped</th></tr><tr class="skippedeven"><td rowspan="1">com.XXX.TestCases.AddCustomerTest</td><td><a href="#m1">addCustomerTest</a></td><td rowspan="1">1558697582629</td><td rowspan="1">4</td></tr><tr><th colspan="4">Add Customer Test &#8212; passed</th></tr><tr class="passedeven"><td rowspan="1">com.XXX.TestCases.AddCustomerTest</td><td><a href="#m2">addCustomerTest</a></td><td rowspan="1">1558697571341</td><td rowspan="1">11222</td></tr></tbody><tbody id="t2"><tr><th colspan="4">Open Account Test &#8212; skipped</th></tr><tr class="skippedeven"><td rowspan="1">com.XXX.TestCases.OpenAccountTest</td><td><a href="#m3">openAccountTest</a></td><td rowspan="1">1558697582724</td><td rowspan="1">4</td></tr></tbody></table><h2>Bank Manager Login Test</h2><h3 id="m0">com.XXX.TestCases.BankManagerLoginTest#bankManagerLoginTest</h3><table class="result"><tr><th>Messages</th></tr><tr><td><div class="messages"><br>Verification failure: expected [abc] but found [xyz]<br><br/><a target="_blank" href=Fri_May_24_21_32_40_AEST_2019.jpg><img src=Fri_May_24_21_32_40_AEST_2019.jpg height=200 width=200></img></a><br/><br><br/><br></div></td></tr></table><p class="totop"><a href="#summary">back to summary</a></p><h2>Add Customer Test</h2><h3 id="m1">com.XXX.TestCases.AddCustomerTest#addCustomerTest</h3><table class="result"><tr class="param"><th>Parameter #1</th><th>Parameter #2</th><th>Parameter #3</th><th>Parameter #4</th><th>Parameter #5</th></tr><tr class="param stripe"><td>Rahul</td><td>Tyagi</td><td>1234</td><td>Customer added successfully with customer id</td><td>N</td></tr><tr><th colspan="5">Exception</th></tr><tr><td colspan="5"><div class="stacktrace">org.testng.SkipException: Skipping the test case as the Run mode for data set is NO
	at com.XXX.TestCases.AddCustomerTest.addCustomerTest(AddCustomerTest.java:22)
... Removed 25 stack frames</div></td></tr></table><p class="totop"><a href="#summary">back to summary</a></p><h3 id="m2">com.XXX.TestCases.AddCustomerTest#addCustomerTest</h3><table class="result"><tr class="param"><th>Parameter #1</th><th>Parameter #2</th><th>Parameter #3</th><th>Parameter #4</th><th>Parameter #5</th></tr><tr class="param stripe"><td>Raman</td><td>Arora</td><td>5768</td><td>Customer added successfully with customer id</td><td>Y</td></tr></table><p class="totop"><a href="#summary">back to summary</a></p><h2>Open Account Test</h2><h3 id="m3">com.XXX.TestCases.OpenAccountTest#openAccountTest</h3><table class="result"><tr class="param"><th>Parameter #1</th><th>Parameter #2</th></tr><tr class="param stripe"><td>Raman Arora</td><td>Rupee</td></tr><tr><th colspan="2">Exception</th></tr><tr><td colspan="2"><div class="stacktrace">org.testng.SkipException: Skipping the test OPENACCOUNTTEST as the run mode is set to NO
	at com.XXX.TestCases.OpenAccountTest.openAccountTest(OpenAccountTest.java:21)
... Removed 25 stack frames</div></td></tr></table><p class="totop"><a href="#summary">back to summary</a></p></body></html>